<?xml version="1.0" encoding="UTF-8"?>
<testsuite name="Tests of Quadratic Equation Service" tests="3" skipped="0" failures="0" errors="0" timestamp="2022-07-25T12:22:37" hostname="iso-hirri" time="0.026">
  <properties/>
  <testcase name="Imaginary roots test" classname="QuadraticEquationServiceTests" time="0.021"/>
  <testcase name="Real roots test" classname="QuadraticEquationServiceTests" time="0.003"/>
  <testcase name="One root test" classname="QuadraticEquationServiceTests" time="0.001"/>
  <system-out><![CDATA[]]></system-out>
  <system-err><![CDATA[]]></system-err>
</testsuite>
